/Users/mjc/wt/src/wiredtiger/lang/python/wiredtiger.py:101: warning: explicit link request to '__WT_CURSOR' could not be resolved
/Users/mjc/wt/src/wiredtiger/lang/python/wiredtiger.py:295: warning: explicit link request to '__WT_SESSION' could not be resolved
/Users/mjc/wt/src/wiredtiger/lang/python/wiredtiger.py:433: warning: explicit link request to '__WT_CONNECTION' could not be resolved
/Users/mjc/wt/src/wiredtiger/lang/python/wiredtiger.py:80: warning: Member WiredTigerError (variable) of namespace wiredtiger is not documented.
/Users/mjc/wt/src/wiredtiger/lang/python/wiredtiger.py:97: warning: Member WIREDTIGER_VERSION_MAJOR (variable) of namespace wiredtiger is not documented.
/Users/mjc/wt/src/wiredtiger/lang/python/wiredtiger.py:98: warning: Member WIREDTIGER_VERSION_MINOR (variable) of namespace wiredtiger is not documented.
/Users/mjc/wt/src/wiredtiger/lang/python/wiredtiger.py:99: warning: Member WIREDTIGER_VERSION_PATCH (variable) of namespace wiredtiger is not documented.
/Users/mjc/wt/src/wiredtiger/lang/python/wiredtiger.py:100: warning: Member WIREDTIGER_VERSION_STRING (variable) of namespace wiredtiger is not documented.
/Users/mjc/wt/src/wiredtiger/lang/python/wiredtiger.py:292: warning: Member Cursor_swigregister (variable) of namespace wiredtiger is not documented.
/Users/mjc/wt/src/wiredtiger/lang/python/wiredtiger.py:430: warning: Member Session_swigregister (variable) of namespace wiredtiger is not documented.
/Users/mjc/wt/src/wiredtiger/lang/python/wiredtiger.py:489: warning: Member Connection_swigregister (variable) of namespace wiredtiger is not documented.
/Users/mjc/wt/src/wiredtiger/lang/python/wiredtiger.py:507: warning: Member WT_DEADLOCK (variable) of namespace wiredtiger is not documented.
/Users/mjc/wt/src/wiredtiger/lang/python/wiredtiger.py:508: warning: Member WT_DUPLICATE_KEY (variable) of namespace wiredtiger is not documented.
/Users/mjc/wt/src/wiredtiger/lang/python/wiredtiger.py:509: warning: Member WT_ERROR (variable) of namespace wiredtiger is not documented.
/Users/mjc/wt/src/wiredtiger/lang/python/wiredtiger.py:510: warning: Member WT_NOTFOUND (variable) of namespace wiredtiger is not documented.
/Users/mjc/wt/src/wiredtiger/lang/python/wiredtiger.py:511: warning: Member WT_RESTART (variable) of namespace wiredtiger is not documented.
/Users/mjc/wt/src/wiredtiger/lang/python/wiredtiger.py:512: warning: Member WT_STAT_block_read (variable) of namespace wiredtiger is not documented.
/Users/mjc/wt/src/wiredtiger/lang/python/wiredtiger.py:513: warning: Member WT_STAT_block_write (variable) of namespace wiredtiger is not documented.
/Users/mjc/wt/src/wiredtiger/lang/python/wiredtiger.py:514: warning: Member WT_STAT_cache_bytes_inuse (variable) of namespace wiredtiger is not documented.
/Users/mjc/wt/src/wiredtiger/lang/python/wiredtiger.py:515: warning: Member WT_STAT_cache_evict_slow (variable) of namespace wiredtiger is not documented.
/Users/mjc/wt/src/wiredtiger/lang/python/wiredtiger.py:516: warning: Member WT_STAT_cache_evict_internal (variable) of namespace wiredtiger is not documented.
/Users/mjc/wt/src/wiredtiger/lang/python/wiredtiger.py:517: warning: Member WT_STAT_cache_bytes_max (variable) of namespace wiredtiger is not documented.
/Users/mjc/wt/src/wiredtiger/lang/python/wiredtiger.py:518: warning: Member WT_STAT_cache_evict_modified (variable) of namespace wiredtiger is not documented.
/Users/mjc/wt/src/wiredtiger/lang/python/wiredtiger.py:519: warning: Member WT_STAT_cache_pages_inuse (variable) of namespace wiredtiger is not documented.
/Users/mjc/wt/src/wiredtiger/lang/python/wiredtiger.py:520: warning: Member WT_STAT_cache_evict_hazard (variable) of namespace wiredtiger is not documented.
/Users/mjc/wt/src/wiredtiger/lang/python/wiredtiger.py:521: warning: Member WT_STAT_cache_evict_unmodified (variable) of namespace wiredtiger is not documented.
/Users/mjc/wt/src/wiredtiger/lang/python/wiredtiger.py:522: warning: Member WT_STAT_cond_wait (variable) of namespace wiredtiger is not documented.
/Users/mjc/wt/src/wiredtiger/lang/python/wiredtiger.py:523: warning: Member WT_STAT_file_open (variable) of namespace wiredtiger is not documented.
/Users/mjc/wt/src/wiredtiger/lang/python/wiredtiger.py:524: warning: Member WT_STAT_rwlock_rdlock (variable) of namespace wiredtiger is not documented.
/Users/mjc/wt/src/wiredtiger/lang/python/wiredtiger.py:525: warning: Member WT_STAT_rwlock_wrlock (variable) of namespace wiredtiger is not documented.
/Users/mjc/wt/src/wiredtiger/lang/python/wiredtiger.py:526: warning: Member WT_STAT_memalloc (variable) of namespace wiredtiger is not documented.
/Users/mjc/wt/src/wiredtiger/lang/python/wiredtiger.py:527: warning: Member WT_STAT_memfree (variable) of namespace wiredtiger is not documented.
/Users/mjc/wt/src/wiredtiger/lang/python/wiredtiger.py:528: warning: Member WT_STAT_total_read_io (variable) of namespace wiredtiger is not documented.
/Users/mjc/wt/src/wiredtiger/lang/python/wiredtiger.py:529: warning: Member WT_STAT_total_write_io (variable) of namespace wiredtiger is not documented.
/Users/mjc/wt/src/wiredtiger/lang/python/wiredtiger.py:530: warning: Member WT_STAT_file_bulk_loaded (variable) of namespace wiredtiger is not documented.
/Users/mjc/wt/src/wiredtiger/lang/python/wiredtiger.py:531: warning: Member WT_STAT_file_col_deleted (variable) of namespace wiredtiger is not documented.
/Users/mjc/wt/src/wiredtiger/lang/python/wiredtiger.py:532: warning: Member WT_STAT_file_col_fix_pages (variable) of namespace wiredtiger is not documented.
/Users/mjc/wt/src/wiredtiger/lang/python/wiredtiger.py:533: warning: Member WT_STAT_file_col_int_pages (variable) of namespace wiredtiger is not documented.
/Users/mjc/wt/src/wiredtiger/lang/python/wiredtiger.py:534: warning: Member WT_STAT_file_col_var_pages (variable) of namespace wiredtiger is not documented.
/Users/mjc/wt/src/wiredtiger/lang/python/wiredtiger.py:535: warning: Member WT_STAT_cursor_inserts (variable) of namespace wiredtiger is not documented.
/Users/mjc/wt/src/wiredtiger/lang/python/wiredtiger.py:536: warning: Member WT_STAT_cursor_read (variable) of namespace wiredtiger is not documented.
/Users/mjc/wt/src/wiredtiger/lang/python/wiredtiger.py:537: warning: Member WT_STAT_cursor_read_near (variable) of namespace wiredtiger is not documented.
/Users/mjc/wt/src/wiredtiger/lang/python/wiredtiger.py:538: warning: Member WT_STAT_cursor_read_next (variable) of namespace wiredtiger is not documented.
/Users/mjc/wt/src/wiredtiger/lang/python/wiredtiger.py:539: warning: Member WT_STAT_cursor_read_prev (variable) of namespace wiredtiger is not documented.
/Users/mjc/wt/src/wiredtiger/lang/python/wiredtiger.py:540: warning: Member WT_STAT_cursor_removes (variable) of namespace wiredtiger is not documented.
/Users/mjc/wt/src/wiredtiger/lang/python/wiredtiger.py:541: warning: Member WT_STAT_cursor_resets (variable) of namespace wiredtiger is not documented.
/Users/mjc/wt/src/wiredtiger/lang/python/wiredtiger.py:542: warning: Member WT_STAT_cursor_updates (variable) of namespace wiredtiger is not documented.
/Users/mjc/wt/src/wiredtiger/lang/python/wiredtiger.py:543: warning: Member WT_STAT_alloc (variable) of namespace wiredtiger is not documented.
/Users/mjc/wt/src/wiredtiger/lang/python/wiredtiger.py:544: warning: Member WT_STAT_extend (variable) of namespace wiredtiger is not documented.
/Users/mjc/wt/src/wiredtiger/lang/python/wiredtiger.py:545: warning: Member WT_STAT_free (variable) of namespace wiredtiger is not documented.
/Users/mjc/wt/src/wiredtiger/lang/python/wiredtiger.py:546: warning: Member WT_STAT_overflow_read (variable) of namespace wiredtiger is not documented.
/Users/mjc/wt/src/wiredtiger/lang/python/wiredtiger.py:547: warning: Member WT_STAT_page_read (variable) of namespace wiredtiger is not documented.
/Users/mjc/wt/src/wiredtiger/lang/python/wiredtiger.py:548: warning: Member WT_STAT_page_write (variable) of namespace wiredtiger is not documented.
/Users/mjc/wt/src/wiredtiger/lang/python/wiredtiger.py:549: warning: Member WT_STAT_file_size (variable) of namespace wiredtiger is not documented.
/Users/mjc/wt/src/wiredtiger/lang/python/wiredtiger.py:550: warning: Member WT_STAT_file_fixed_len (variable) of namespace wiredtiger is not documented.
/Users/mjc/wt/src/wiredtiger/lang/python/wiredtiger.py:551: warning: Member WT_STAT_file_magic (variable) of namespace wiredtiger is not documented.
/Users/mjc/wt/src/wiredtiger/lang/python/wiredtiger.py:552: warning: Member WT_STAT_file_major (variable) of namespace wiredtiger is not documented.
/Users/mjc/wt/src/wiredtiger/lang/python/wiredtiger.py:553: warning: Member WT_STAT_file_maxintlitem (variable) of namespace wiredtiger is not documented.
/Users/mjc/wt/src/wiredtiger/lang/python/wiredtiger.py:554: warning: Member WT_STAT_file_maxintlpage (variable) of namespace wiredtiger is not documented.
/Users/mjc/wt/src/wiredtiger/lang/python/wiredtiger.py:555: warning: Member WT_STAT_file_maxleafitem (variable) of namespace wiredtiger is not documented.
/Users/mjc/wt/src/wiredtiger/lang/python/wiredtiger.py:556: warning: Member WT_STAT_file_maxleafpage (variable) of namespace wiredtiger is not documented.
/Users/mjc/wt/src/wiredtiger/lang/python/wiredtiger.py:557: warning: Member WT_STAT_file_minor (variable) of namespace wiredtiger is not documented.
/Users/mjc/wt/src/wiredtiger/lang/python/wiredtiger.py:558: warning: Member WT_STAT_file_freelist_bytes (variable) of namespace wiredtiger is not documented.
/Users/mjc/wt/src/wiredtiger/lang/python/wiredtiger.py:559: warning: Member WT_STAT_file_freelist_entries (variable) of namespace wiredtiger is not documented.
/Users/mjc/wt/src/wiredtiger/lang/python/wiredtiger.py:560: warning: Member WT_STAT_file_overflow (variable) of namespace wiredtiger is not documented.
/Users/mjc/wt/src/wiredtiger/lang/python/wiredtiger.py:561: warning: Member WT_STAT_file_allocsize (variable) of namespace wiredtiger is not documented.
/Users/mjc/wt/src/wiredtiger/lang/python/wiredtiger.py:562: warning: Member WT_STAT_rec_page_merge (variable) of namespace wiredtiger is not documented.
/Users/mjc/wt/src/wiredtiger/lang/python/wiredtiger.py:563: warning: Member WT_STAT_rec_split_intl (variable) of namespace wiredtiger is not documented.
/Users/mjc/wt/src/wiredtiger/lang/python/wiredtiger.py:564: warning: Member WT_STAT_rec_split_leaf (variable) of namespace wiredtiger is not documented.
/Users/mjc/wt/src/wiredtiger/lang/python/wiredtiger.py:565: warning: Member WT_STAT_rec_ovfl_key (variable) of namespace wiredtiger is not documented.
/Users/mjc/wt/src/wiredtiger/lang/python/wiredtiger.py:566: warning: Member WT_STAT_rec_ovfl_value (variable) of namespace wiredtiger is not documented.
/Users/mjc/wt/src/wiredtiger/lang/python/wiredtiger.py:567: warning: Member WT_STAT_rec_page_delete (variable) of namespace wiredtiger is not documented.
/Users/mjc/wt/src/wiredtiger/lang/python/wiredtiger.py:568: warning: Member WT_STAT_rec_written (variable) of namespace wiredtiger is not documented.
/Users/mjc/wt/src/wiredtiger/lang/python/wiredtiger.py:569: warning: Member WT_STAT_rec_hazard (variable) of namespace wiredtiger is not documented.
/Users/mjc/wt/src/wiredtiger/lang/python/wiredtiger.py:570: warning: Member WT_STAT_file_row_int_pages (variable) of namespace wiredtiger is not documented.
/Users/mjc/wt/src/wiredtiger/lang/python/wiredtiger.py:571: warning: Member WT_STAT_file_row_leaf_pages (variable) of namespace wiredtiger is not documented.
/Users/mjc/wt/src/wiredtiger/lang/python/wiredtiger.py:572: warning: Member WT_STAT_file_entries (variable) of namespace wiredtiger is not documented.
/Users/mjc/wt/src/wiredtiger/lang/python/wiredtiger.py:101: warning: explicit link request to '__WT_CURSOR' could not be resolved
/Users/mjc/wt/src/wiredtiger/lang/python/wiredtiger.py:101: warning: explicit link request to '__WT_CURSOR' could not be resolved
/Users/mjc/wt/src/wiredtiger/lang/python/wiredtiger.py:185: warning: Member this (variable) of class wiredtiger::Cursor is not documented.
/Users/mjc/wt/src/wiredtiger/lang/python/wiredtiger.py:101: warning: explicit link request to '__WT_CURSOR' could not be resolved
/Users/mjc/wt/src/wiredtiger/lang/python/wiredtiger.py:102: warning: target ::__WT_CURSOR of \copydoc command not found
/Users/mjc/wt/src/wiredtiger/lang/python/wiredtiger.py:277: warning: return type of member wiredtiger::Cursor::__iter__ is not documented
/Users/mjc/wt/src/wiredtiger/lang/python/wiredtiger.py:183: warning: target __WT_CURSOR::close of \copydoc command not found
/Users/mjc/wt/src/wiredtiger/lang/python/wiredtiger.py:183: warning: parameters of member wiredtiger::Cursor::close are not (all) documented
/Users/mjc/wt/src/wiredtiger/lang/python/wiredtiger.py:183: warning: return type of member wiredtiger::Cursor::close is not documented
/Users/mjc/wt/src/wiredtiger/lang/python/wiredtiger.py:120: warning: argument 'cursor' of command @param is not found in the argument list of wiredtiger.Cursor::equals(self,args)
/Users/mjc/wt/src/wiredtiger/lang/python/wiredtiger.py:120: warning: argument 'other' of command @param is not found in the argument list of wiredtiger.Cursor::equals(self,args)
/Users/mjc/wt/src/wiredtiger/lang/python/wiredtiger.py:120: warning: The following parameters of wiredtiger::Cursor::equals(self,args) are not documented:
  parameter 'args'
/Users/mjc/wt/src/wiredtiger/lang/python/wiredtiger.py:225: warning: argument 'cursor' of command @param is not found in the argument list of wiredtiger.Cursor::get_key(self)
/Users/mjc/wt/src/wiredtiger/lang/python/wiredtiger.py:232: warning: argument 'cursor' of command @param is not found in the argument list of wiredtiger.Cursor::get_keys(self)
/Users/mjc/wt/src/wiredtiger/lang/python/wiredtiger.py:243: warning: argument 'cursor' of command @param is not found in the argument list of wiredtiger.Cursor::get_value(self)
/Users/mjc/wt/src/wiredtiger/lang/python/wiredtiger.py:250: warning: argument 'cursor' of command @param is not found in the argument list of wiredtiger.Cursor::get_values(self)
/Users/mjc/wt/src/wiredtiger/lang/python/wiredtiger.py:162: warning: argument 'cursor' of command @param is not found in the argument list of wiredtiger.Cursor::insert(self,args)
/Users/mjc/wt/src/wiredtiger/lang/python/wiredtiger.py:162: warning: The following parameters of wiredtiger::Cursor::insert(self,args) are not documented:
  parameter 'args'
/Users/mjc/wt/src/wiredtiger/lang/python/wiredtiger.py:127: warning: argument 'cursor' of command @param is not found in the argument list of wiredtiger.Cursor::next(self,args)
/Users/mjc/wt/src/wiredtiger/lang/python/wiredtiger.py:127: warning: The following parameters of wiredtiger::Cursor::next(self,args) are not documented:
  parameter 'args'
/Users/mjc/wt/src/wiredtiger/lang/python/wiredtiger.py:134: warning: argument 'cursor' of command @param is not found in the argument list of wiredtiger.Cursor::prev(self,args)
/Users/mjc/wt/src/wiredtiger/lang/python/wiredtiger.py:134: warning: The following parameters of wiredtiger::Cursor::prev(self,args) are not documented:
  parameter 'args'
/Users/mjc/wt/src/wiredtiger/lang/python/wiredtiger.py:176: warning: argument 'cursor' of command @param is not found in the argument list of wiredtiger.Cursor::remove(self,args)
/Users/mjc/wt/src/wiredtiger/lang/python/wiredtiger.py:176: warning: The following parameters of wiredtiger::Cursor::remove(self,args) are not documented:
  parameter 'args'
/Users/mjc/wt/src/wiredtiger/lang/python/wiredtiger.py:141: warning: argument 'cursor' of command @param is not found in the argument list of wiredtiger.Cursor::reset(self,args)
/Users/mjc/wt/src/wiredtiger/lang/python/wiredtiger.py:141: warning: The following parameters of wiredtiger::Cursor::reset(self,args) are not documented:
  parameter 'args'
/Users/mjc/wt/src/wiredtiger/lang/python/wiredtiger.py:148: warning: argument 'cursor' of command @param is not found in the argument list of wiredtiger.Cursor::search(self,args)
/Users/mjc/wt/src/wiredtiger/lang/python/wiredtiger.py:148: warning: The following parameters of wiredtiger::Cursor::search(self,args) are not documented:
  parameter 'args'
/Users/mjc/wt/src/wiredtiger/lang/python/wiredtiger.py:155: warning: argument 'cursor' of command @param is not found in the argument list of wiredtiger.Cursor::search_near(self,args)
/Users/mjc/wt/src/wiredtiger/lang/python/wiredtiger.py:155: warning: argument 'exactp' of command @param is not found in the argument list of wiredtiger.Cursor::search_near(self,args)
/Users/mjc/wt/src/wiredtiger/lang/python/wiredtiger.py:155: warning: The following parameters of wiredtiger::Cursor::search_near(self,args) are not documented:
  parameter 'args'
/Users/mjc/wt/src/wiredtiger/lang/python/wiredtiger.py:257: warning: argument 'cursor' of command @param is not found in the argument list of wiredtiger.Cursor::set_key(self,args)
/Users/mjc/wt/src/wiredtiger/lang/python/wiredtiger.py:257: warning: The following parameters of wiredtiger::Cursor::set_key(self,args) are not documented:
  parameter 'args'
/Users/mjc/wt/src/wiredtiger/lang/python/wiredtiger.py:257: warning: return type of member wiredtiger::Cursor::set_key is not documented
/Users/mjc/wt/src/wiredtiger/lang/python/wiredtiger.py:269: warning: argument 'cursor' of command @param is not found in the argument list of wiredtiger.Cursor::set_value(self,args)
/Users/mjc/wt/src/wiredtiger/lang/python/wiredtiger.py:269: warning: The following parameters of wiredtiger::Cursor::set_value(self,args) are not documented:
  parameter 'args'
/Users/mjc/wt/src/wiredtiger/lang/python/wiredtiger.py:269: warning: return type of member wiredtiger::Cursor::set_value is not documented
/Users/mjc/wt/src/wiredtiger/lang/python/wiredtiger.py:169: warning: argument 'cursor' of command @param is not found in the argument list of wiredtiger.Cursor::update(self,args)
/Users/mjc/wt/src/wiredtiger/lang/python/wiredtiger.py:169: warning: The following parameters of wiredtiger::Cursor::update(self,args) are not documented:
  parameter 'args'
/Users/mjc/wt/src/wiredtiger/lang/python/wiredtiger.py:295: warning: explicit link request to '__WT_SESSION' could not be resolved
/Users/mjc/wt/src/wiredtiger/lang/python/wiredtiger.py:295: warning: explicit link request to '__WT_SESSION' could not be resolved
/Users/mjc/wt/src/wiredtiger/lang/python/wiredtiger.py:310: warning: Member this (variable) of class wiredtiger::Session is not documented.
/Users/mjc/wt/src/wiredtiger/lang/python/wiredtiger.py:295: warning: explicit link request to '__WT_SESSION' could not be resolved
/Users/mjc/wt/src/wiredtiger/lang/python/wiredtiger.py:296: warning: target ::__WT_SESSION of \copydoc command not found
/Users/mjc/wt/src/wiredtiger/lang/python/wiredtiger.py:382: warning: argument 'session' of command @param is not found in the argument list of wiredtiger.Session::begin_transaction(self,args)
/Users/mjc/wt/src/wiredtiger/lang/python/wiredtiger.py:382: warning: argument 'config' of command @param is not found in the argument list of wiredtiger.Session::begin_transaction(self,args)
/Users/mjc/wt/src/wiredtiger/lang/python/wiredtiger.py:382: warning: The following parameters of wiredtiger::Session::begin_transaction(self,args) are not documented:
  parameter 'args'
/Users/mjc/wt/src/wiredtiger/lang/python/wiredtiger.py:403: warning: argument 'session' of command @param is not found in the argument list of wiredtiger.Session::checkpoint(self,args)
/Users/mjc/wt/src/wiredtiger/lang/python/wiredtiger.py:403: warning: argument 'config' of command @param is not found in the argument list of wiredtiger.Session::checkpoint(self,args)
/Users/mjc/wt/src/wiredtiger/lang/python/wiredtiger.py:403: warning: The following parameters of wiredtiger::Session::checkpoint(self,args) are not documented:
  parameter 'args'
/Users/mjc/wt/src/wiredtiger/lang/python/wiredtiger.py:308: warning: target __WT_SESSION::close of \copydoc command not found
/Users/mjc/wt/src/wiredtiger/lang/python/wiredtiger.py:308: warning: parameters of member wiredtiger::Session::close are not (all) documented
/Users/mjc/wt/src/wiredtiger/lang/python/wiredtiger.py:308: warning: return type of member wiredtiger::Session::close is not documented
/Users/mjc/wt/src/wiredtiger/lang/python/wiredtiger.py:389: warning: argument 'session' of command @param is not found in the argument list of wiredtiger.Session::commit_transaction(self,args)
/Users/mjc/wt/src/wiredtiger/lang/python/wiredtiger.py:389: warning: argument 'config' of command @param is not found in the argument list of wiredtiger.Session::commit_transaction(self,args)
/Users/mjc/wt/src/wiredtiger/lang/python/wiredtiger.py:389: warning: The following parameters of wiredtiger::Session::commit_transaction(self,args) are not documented:
  parameter 'args'
/Users/mjc/wt/src/wiredtiger/lang/python/wiredtiger.py:326: warning: argument 'session' of command @param is not found in the argument list of wiredtiger.Session::create(self,args)
/Users/mjc/wt/src/wiredtiger/lang/python/wiredtiger.py:326: warning: argument 'name' of command @param is not found in the argument list of wiredtiger.Session::create(self,args)
/Users/mjc/wt/src/wiredtiger/lang/python/wiredtiger.py:326: warning: argument 'config' of command @param is not found in the argument list of wiredtiger.Session::create(self,args)
/Users/mjc/wt/src/wiredtiger/lang/python/wiredtiger.py:326: warning: The following parameters of wiredtiger::Session::create(self,args) are not documented:
  parameter 'args'
/Users/mjc/wt/src/wiredtiger/lang/python/wiredtiger.py:333: warning: argument 'session' of command @param is not found in the argument list of wiredtiger.Session::drop(self,args)
/Users/mjc/wt/src/wiredtiger/lang/python/wiredtiger.py:333: warning: argument 'name' of command @param is not found in the argument list of wiredtiger.Session::drop(self,args)
/Users/mjc/wt/src/wiredtiger/lang/python/wiredtiger.py:333: warning: argument 'config' of command @param is not found in the argument list of wiredtiger.Session::drop(self,args)
/Users/mjc/wt/src/wiredtiger/lang/python/wiredtiger.py:333: warning: The following parameters of wiredtiger::Session::drop(self,args) are not documented:
  parameter 'args'
/Users/mjc/wt/src/wiredtiger/lang/python/wiredtiger.py:410: warning: argument 'session' of command @param is not found in the argument list of wiredtiger.Session::dumpfile(self,args)
/Users/mjc/wt/src/wiredtiger/lang/python/wiredtiger.py:410: warning: argument 'name' of command @param is not found in the argument list of wiredtiger.Session::dumpfile(self,args)
/Users/mjc/wt/src/wiredtiger/lang/python/wiredtiger.py:410: warning: argument 'config' of command @param is not found in the argument list of wiredtiger.Session::dumpfile(self,args)
/Users/mjc/wt/src/wiredtiger/lang/python/wiredtiger.py:410: warning: The following parameters of wiredtiger::Session::dumpfile(self,args) are not documented:
  parameter 'args'
/Users/mjc/wt/src/wiredtiger/lang/python/wiredtiger.py:417: warning: argument 'session' of command @param is not found in the argument list of wiredtiger.Session::msg_printf(self,args)
/Users/mjc/wt/src/wiredtiger/lang/python/wiredtiger.py:417: warning: argument 'fmt' of command @param is not found in the argument list of wiredtiger.Session::msg_printf(self,args)
/Users/mjc/wt/src/wiredtiger/lang/python/wiredtiger.py:417: warning: The following parameters of wiredtiger::Session::msg_printf(self,args) are not documented:
  parameter 'args'
/Users/mjc/wt/src/wiredtiger/lang/python/wiredtiger.py:319: warning: argument 'session' of command @param is not found in the argument list of wiredtiger.Session::open_cursor(self,args)
/Users/mjc/wt/src/wiredtiger/lang/python/wiredtiger.py:319: warning: argument 'uri' of command @param is not found in the argument list of wiredtiger.Session::open_cursor(self,args)
/Users/mjc/wt/src/wiredtiger/lang/python/wiredtiger.py:319: warning: argument 'to_dup' of command @param is not found in the argument list of wiredtiger.Session::open_cursor(self,args)
/Users/mjc/wt/src/wiredtiger/lang/python/wiredtiger.py:319: warning: argument 'session' of command @param is not found in the argument list of wiredtiger.Session::open_cursor(self,args)
/Users/mjc/wt/src/wiredtiger/lang/python/wiredtiger.py:319: warning: argument 'config' of command @param is not found in the argument list of wiredtiger.Session::open_cursor(self,args)
/Users/mjc/wt/src/wiredtiger/lang/python/wiredtiger.py:319: warning: argument 'cursorp' of command @param is not found in the argument list of wiredtiger.Session::open_cursor(self,args)
/Users/mjc/wt/src/wiredtiger/lang/python/wiredtiger.py:319: warning: The following parameters of wiredtiger::Session::open_cursor(self,args) are not documented:
  parameter 'args'
/Users/mjc/wt/src/wiredtiger/lang/python/wiredtiger.py:340: warning: argument 'session' of command @param is not found in the argument list of wiredtiger.Session::rename(self,args)
/Users/mjc/wt/src/wiredtiger/lang/python/wiredtiger.py:340: warning: argument 'oldname' of command @param is not found in the argument list of wiredtiger.Session::rename(self,args)
/Users/mjc/wt/src/wiredtiger/lang/python/wiredtiger.py:340: warning: argument 'newname' of command @param is not found in the argument list of wiredtiger.Session::rename(self,args)
/Users/mjc/wt/src/wiredtiger/lang/python/wiredtiger.py:340: warning: argument 'config' of command @param is not found in the argument list of wiredtiger.Session::rename(self,args)
/Users/mjc/wt/src/wiredtiger/lang/python/wiredtiger.py:340: warning: The following parameters of wiredtiger::Session::rename(self,args) are not documented:
  parameter 'args'
/Users/mjc/wt/src/wiredtiger/lang/python/wiredtiger.py:396: warning: argument 'session' of command @param is not found in the argument list of wiredtiger.Session::rollback_transaction(self,args)
/Users/mjc/wt/src/wiredtiger/lang/python/wiredtiger.py:396: warning: argument 'config' of command @param is not found in the argument list of wiredtiger.Session::rollback_transaction(self,args)
/Users/mjc/wt/src/wiredtiger/lang/python/wiredtiger.py:396: warning: The following parameters of wiredtiger::Session::rollback_transaction(self,args) are not documented:
  parameter 'args'
/Users/mjc/wt/src/wiredtiger/lang/python/wiredtiger.py:347: warning: argument 'session' of command @param is not found in the argument list of wiredtiger.Session::salvage(self,args)
/Users/mjc/wt/src/wiredtiger/lang/python/wiredtiger.py:347: warning: argument 'name' of command @param is not found in the argument list of wiredtiger.Session::salvage(self,args)
/Users/mjc/wt/src/wiredtiger/lang/python/wiredtiger.py:347: warning: argument 'config' of command @param is not found in the argument list of wiredtiger.Session::salvage(self,args)
/Users/mjc/wt/src/wiredtiger/lang/python/wiredtiger.py:347: warning: The following parameters of wiredtiger::Session::salvage(self,args) are not documented:
  parameter 'args'
/Users/mjc/wt/src/wiredtiger/lang/python/wiredtiger.py:354: warning: argument 'session' of command @param is not found in the argument list of wiredtiger.Session::sync(self,args)
/Users/mjc/wt/src/wiredtiger/lang/python/wiredtiger.py:354: warning: argument 'name' of command @param is not found in the argument list of wiredtiger.Session::sync(self,args)
/Users/mjc/wt/src/wiredtiger/lang/python/wiredtiger.py:354: warning: argument 'config' of command @param is not found in the argument list of wiredtiger.Session::sync(self,args)
/Users/mjc/wt/src/wiredtiger/lang/python/wiredtiger.py:354: warning: The following parameters of wiredtiger::Session::sync(self,args) are not documented:
  parameter 'args'
/Users/mjc/wt/src/wiredtiger/lang/python/wiredtiger.py:361: warning: argument 'session' of command @param is not found in the argument list of wiredtiger.Session::truncate(self,args)
/Users/mjc/wt/src/wiredtiger/lang/python/wiredtiger.py:361: warning: argument 'name' of command @param is not found in the argument list of wiredtiger.Session::truncate(self,args)
/Users/mjc/wt/src/wiredtiger/lang/python/wiredtiger.py:361: warning: argument 'start' of command @param is not found in the argument list of wiredtiger.Session::truncate(self,args)
/Users/mjc/wt/src/wiredtiger/lang/python/wiredtiger.py:361: warning: argument 'stop' of command @param is not found in the argument list of wiredtiger.Session::truncate(self,args)
/Users/mjc/wt/src/wiredtiger/lang/python/wiredtiger.py:361: warning: argument 'config' of command @param is not found in the argument list of wiredtiger.Session::truncate(self,args)
/Users/mjc/wt/src/wiredtiger/lang/python/wiredtiger.py:361: warning: The following parameters of wiredtiger::Session::truncate(self,args) are not documented:
  parameter 'args'
/Users/mjc/wt/src/wiredtiger/lang/python/wiredtiger.py:368: warning: argument 'session' of command @param is not found in the argument list of wiredtiger.Session::upgrade(self,args)
/Users/mjc/wt/src/wiredtiger/lang/python/wiredtiger.py:368: warning: argument 'name' of command @param is not found in the argument list of wiredtiger.Session::upgrade(self,args)
/Users/mjc/wt/src/wiredtiger/lang/python/wiredtiger.py:368: warning: argument 'config' of command @param is not found in the argument list of wiredtiger.Session::upgrade(self,args)
/Users/mjc/wt/src/wiredtiger/lang/python/wiredtiger.py:368: warning: The following parameters of wiredtiger::Session::upgrade(self,args) are not documented:
  parameter 'args'
/Users/mjc/wt/src/wiredtiger/lang/python/wiredtiger.py:375: warning: argument 'session' of command @param is not found in the argument list of wiredtiger.Session::verify(self,args)
/Users/mjc/wt/src/wiredtiger/lang/python/wiredtiger.py:375: warning: argument 'name' of command @param is not found in the argument list of wiredtiger.Session::verify(self,args)
/Users/mjc/wt/src/wiredtiger/lang/python/wiredtiger.py:375: warning: argument 'config' of command @param is not found in the argument list of wiredtiger.Session::verify(self,args)
/Users/mjc/wt/src/wiredtiger/lang/python/wiredtiger.py:375: warning: The following parameters of wiredtiger::Session::verify(self,args) are not documented:
  parameter 'args'
/Users/mjc/wt/src/wiredtiger/lang/python/wiredtiger.py:433: warning: explicit link request to '__WT_CONNECTION' could not be resolved
/Users/mjc/wt/src/wiredtiger/lang/python/wiredtiger.py:433: warning: explicit link request to '__WT_CONNECTION' could not be resolved
/Users/mjc/wt/src/wiredtiger/lang/python/wiredtiger.py:453: warning: Member this (variable) of class wiredtiger::Connection is not documented.
/Users/mjc/wt/src/wiredtiger/lang/python/wiredtiger.py:433: warning: explicit link request to '__WT_CONNECTION' could not be resolved
/Users/mjc/wt/src/wiredtiger/lang/python/wiredtiger.py:434: warning: target ::__WT_CONNECTION of \copydoc command not found
/Users/mjc/wt/src/wiredtiger/lang/python/wiredtiger.py:451: warning: target __WT_CONNECTION::close of \copydoc command not found
/Users/mjc/wt/src/wiredtiger/lang/python/wiredtiger.py:451: warning: parameters of member wiredtiger::Connection::close are not (all) documented
/Users/mjc/wt/src/wiredtiger/lang/python/wiredtiger.py:451: warning: return type of member wiredtiger::Connection::close is not documented
/Users/mjc/wt/src/wiredtiger/lang/python/wiredtiger.py:462: warning: argument 'connection' of command @param is not found in the argument list of wiredtiger.Connection::get_home(self,args)
/Users/mjc/wt/src/wiredtiger/lang/python/wiredtiger.py:462: warning: The following parameters of wiredtiger::Connection::get_home(self,args) are not documented:
  parameter 'args'
/Users/mjc/wt/src/wiredtiger/lang/python/wiredtiger.py:469: warning: argument 'connection' of command @param is not found in the argument list of wiredtiger.Connection::is_new(self,args)
/Users/mjc/wt/src/wiredtiger/lang/python/wiredtiger.py:469: warning: The following parameters of wiredtiger::Connection::is_new(self,args) are not documented:
  parameter 'args'
/Users/mjc/wt/src/wiredtiger/lang/python/wiredtiger.py:444: warning: argument 'connection' of command @param is not found in the argument list of wiredtiger.Connection::load_extension(self,args)
/Users/mjc/wt/src/wiredtiger/lang/python/wiredtiger.py:444: warning: argument 'path' of command @param is not found in the argument list of wiredtiger.Connection::load_extension(self,args)
/Users/mjc/wt/src/wiredtiger/lang/python/wiredtiger.py:444: warning: argument 'config' of command @param is not found in the argument list of wiredtiger.Connection::load_extension(self,args)
/Users/mjc/wt/src/wiredtiger/lang/python/wiredtiger.py:444: warning: The following parameters of wiredtiger::Connection::load_extension(self,args) are not documented:
  parameter 'args'
/Users/mjc/wt/src/wiredtiger/lang/python/wiredtiger.py:476: warning: argument 'connection' of command @param is not found in the argument list of wiredtiger.Connection::open_session(self,args)
/Users/mjc/wt/src/wiredtiger/lang/python/wiredtiger.py:476: warning: argument 'errhandler' of command @param is not found in the argument list of wiredtiger.Connection::open_session(self,args)
/Users/mjc/wt/src/wiredtiger/lang/python/wiredtiger.py:476: warning: argument 'config' of command @param is not found in the argument list of wiredtiger.Connection::open_session(self,args)
/Users/mjc/wt/src/wiredtiger/lang/python/wiredtiger.py:476: warning: argument 'sessionp' of command @param is not found in the argument list of wiredtiger.Connection::open_session(self,args)
/Users/mjc/wt/src/wiredtiger/lang/python/wiredtiger.py:476: warning: The following parameters of wiredtiger::Connection::open_session(self,args) are not documented:
  parameter 'args'
/Users/mjc/wt/src/wiredtiger/lang/python/wiredtiger.py:433: warning: explicit link request to '__WT_CONNECTION' could not be resolved
/Users/mjc/wt/src/wiredtiger/lang/python/wiredtiger.py:101: warning: explicit link request to '__WT_CURSOR' could not be resolved
/Users/mjc/wt/src/wiredtiger/lang/python/wiredtiger.py:295: warning: explicit link request to '__WT_SESSION' could not be resolved
